<?xml version="1.0" encoding="UTF-8"?>
<!-- Generated by org.testng.reporters.JUnitXMLReporter -->
<testsuite ignored="0" hostname="DESKTOP-D5JILAE" failures="0" tests="4" name="sita_testing" time="28.637" errors="0" timestamp="2024-06-04T14:14:13 IST">
  <testcase classname="com.qa.Testscripts.SitaTest" name="Sita_Home_page" time="0.569"/>
  <testcase classname="com.qa.Testscripts.SitaTest" name="Explore_more" time="2.956"/>
  <testcase classname="com.qa.Testscripts.SitaTest" name="Explore_more_page" time="10.726"/>
  <testcase classname="com.qa.Testscripts.SitaTest" name="Reservation_page" time="10.941"/>
</testsuite> <!-- sita_testing -->
