<?xml version="1.0" encoding="UTF-8"?>
<testsuite xmlns:xsi="http://www.w3.org/2001/XMLSchema-instance" xsi:noNamespaceSchemaLocation="https://maven.apache.org/surefire/maven-surefire-plugin/xsd/surefire-test-report.xsd" name="TestSuite" time="29.485" tests="4" errors="0" skipped="0" failures="0">
  <properties>
[...]
</properties>
  <testcase name="Sita_Home_page" classname="com.qa.Testscripts.SitaTest" time="0.578"/>
  <testcase name="Explore_more" classname="com.qa.Testscripts.SitaTest" time="2.956"/>
  <testcase name="Explore_more_page" classname="com.qa.Testscripts.SitaTest" time="10.727"/>
  <testcase name="Reservation_page" classname="com.qa.Testscripts.SitaTest" time="10.942"/>
</testsuite>